2016-10-20 16:27:53,975 ERROR                   
=== CONF_FILENAME:
2016-10-20 16:28:14,281 ERROR                   
=== CONF_FILENAME:
2016-10-20 16:29:13,711 ERROR                   
=== CONF_FILENAME:
2016-10-20 16:29:17,761 ERROR                   
=== CONF_FILENAME:
2016-10-20 16:39:29,080 ERROR                   
=== CONF_FILENAME:
2016-10-20 16:39:29,087 ERROR                   
\src\fdfs_client.conf (系统找不到指定的路径。)
2016-10-20 16:39:38,335 ERROR                   
=== CONF_FILENAME:
2016-10-20 16:39:38,346 ERROR                   
\src\fdfs_client.conf (系统找不到指定的路径。)
2016-10-20 16:39:46,173 ERROR                   
=== CONF_FILENAME:
2016-10-20 16:39:54,909 ERROR                   
=== CONF_FILENAME:
2016-10-20 16:39:54,918 ERROR                   
fdfs_client.conf (系统找不到指定的文件。)
2016-10-20 16:40:07,730 ERROR                   
=== CONF_FILENAME:
2016-10-20 16:40:07,737 ERROR                   
..\fdfs_client.conf (系统找不到指定的文件。)
2016-10-20 17:09:35,357 ERROR                   
=== CONF_FILENAME:
2016-10-20 17:09:54,613 ERROR                   
=== CONF_FILENAME:
2016-10-20 17:38:51,128 ERROR                   
=== CONF_FILENAME:
